TN:
SF:hipaah/index.js
FN:16,(anonymous_0)
FN:29,(anonymous_1)
FN:47,(anonymous_2)
FN:68,(anonymous_3)
FN:69,(anonymous_4)
FN:79,(anonymous_5)
FN:91,(anonymous_6)
FN:150,(anonymous_7)
FN:180,(anonymous_8)
FN:240,(anonymous_9)
FN:291,(anonymous_10)
FN:323,(anonymous_11)
FN:332,(anonymous_12)
FN:341,(anonymous_13)
FN:352,(anonymous_14)
FN:372,(anonymous_15)
FN:413,(anonymous_16)
FN:443,(anonymous_17)
FN:457,(anonymous_18)
FN:472,(anonymous_19)
FN:481,(anonymous_20)
FN:508,(anonymous_21)
FN:566,(anonymous_22)
FNF:23
FNH:23
FNDA:31,(anonymous_0)
FNDA:25,(anonymous_1)
FNDA:13,(anonymous_2)
FNDA:1,(anonymous_3)
FNDA:3,(anonymous_4)
FNDA:12,(anonymous_5)
FNDA:3,(anonymous_6)
FNDA:14,(anonymous_7)
FNDA:4,(anonymous_8)
FNDA:3,(anonymous_9)
FNDA:12,(anonymous_10)
FNDA:8,(anonymous_11)
FNDA:2,(anonymous_12)
FNDA:1,(anonymous_13)
FNDA:2,(anonymous_14)
FNDA:11,(anonymous_15)
FNDA:2,(anonymous_16)
FNDA:2,(anonymous_17)
FNDA:1,(anonymous_18)
FNDA:7,(anonymous_19)
FNDA:2,(anonymous_20)
FNDA:2,(anonymous_21)
FNDA:4,(anonymous_22)
DA:1,4
DA:2,4
DA:3,4
DA:6,4
DA:17,31
DA:19,31
DA:20,23
DA:30,25
DA:31,25
DA:32,24
DA:33,24
DA:35,1
DA:48,13
DA:49,1
DA:52,12
DA:69,3
DA:80,12
DA:83,12
DA:84,29
DA:85,18
DA:89,11
DA:90,3
DA:91,3
DA:94,3
DA:95,1
DA:100,10
DA:103,10
DA:105,80
DA:107,2
DA:110,78
DA:111,12
DA:114,66
DA:118,54
DA:124,10
DA:125,1
DA:126,1
DA:127,1
DA:132,10
DA:136,2
DA:151,14
DA:152,14
DA:153,14
DA:156,14
DA:157,0
DA:159,0
DA:160,0
DA:163,0
DA:164,0
DA:168,14
DA:182,4
DA:190,4
DA:191,4
DA:192,4
DA:202,2
DA:203,1
DA:204,1
DA:207,1
DA:210,3
DA:213,3
DA:214,2
DA:216,1
DA:221,0
DA:224,0
DA:225,0
DA:227,0
DA:242,3
DA:243,0
DA:244,0
DA:247,3
DA:255,3
DA:256,3
DA:266,2
DA:267,1
DA:268,1
DA:271,1
DA:273,1
DA:274,1
DA:292,12
DA:293,12
DA:300,12
DA:301,5
DA:302,5
DA:305,5
DA:306,5
DA:308,5
DA:309,0
DA:312,0
DA:313,0
DA:324,8
DA:333,2
DA:342,1
DA:353,2
DA:361,2
DA:362,2
DA:373,11
DA:376,11
DA:378,11
DA:386,11
DA:387,1
DA:388,1
DA:392,10
DA:395,10
DA:396,6
DA:397,6
DA:403,0
DA:415,2
DA:416,0
DA:419,2
DA:420,2
DA:425,2
DA:431,0
DA:437,4
DA:444,2
DA:445,2
DA:446,1
DA:448,1
DA:458,1
DA:459,1
DA:460,1
DA:462,0
DA:473,7
DA:482,2
DA:484,2
DA:485,3
DA:486,3
DA:487,2
DA:489,2
DA:490,2
DA:492,0
DA:495,1
DA:499,1
DA:512,2
DA:515,2
DA:516,2
DA:520,2
DA:524,2
DA:525,1
DA:526,1
DA:527,1
DA:528,1
DA:532,2
DA:533,2
DA:537,2
DA:541,2
DA:542,1
DA:543,1
DA:544,1
DA:545,1
DA:549,2
DA:550,1
DA:557,2
DA:567,4
DA:570,4
DA:571,2
DA:585,4
DA:586,12
DA:587,11
DA:588,1
DA:589,1
DA:593,4
DA:597,4
LF:161
LH:142
BRDA:16,0,0,4
BRDA:19,1,0,23
BRDA:19,1,1,8
BRDA:47,2,0,4
BRDA:48,3,0,1
BRDA:48,3,1,12
BRDA:68,4,0,1
BRDA:84,5,0,18
BRDA:84,5,1,11
BRDA:84,6,0,29
BRDA:84,6,1,11
BRDA:89,7,0,3
BRDA:89,7,1,8
BRDA:94,8,0,1
BRDA:94,8,1,2
BRDA:105,9,0,2
BRDA:105,9,1,78
BRDA:105,10,0,80
BRDA:105,10,1,16
BRDA:110,11,0,12
BRDA:110,11,1,66
BRDA:110,12,0,78
BRDA:110,12,1,70
BRDA:114,13,0,54
BRDA:114,13,1,12
BRDA:115,14,0,66
BRDA:115,14,1,58
BRDA:115,14,2,58
BRDA:124,15,0,1
BRDA:124,15,1,9
BRDA:124,16,0,10
BRDA:124,16,1,1
BRDA:150,17,0,4
BRDA:150,18,0,4
BRDA:152,19,0,1
BRDA:152,19,1,13
BRDA:153,20,0,14
BRDA:153,20,1,4
BRDA:156,21,0,0
BRDA:156,21,1,14
BRDA:159,22,0,0
BRDA:159,22,1,0
BRDA:159,23,0,0
BRDA:159,23,1,0
BRDA:180,24,0,3
BRDA:190,25,0,4
BRDA:190,25,1,0
BRDA:196,26,0,4
BRDA:196,26,1,0
BRDA:202,27,0,1
BRDA:202,27,1,1
BRDA:213,28,0,2
BRDA:213,28,1,1
BRDA:224,29,0,0
BRDA:224,29,1,0
BRDA:240,30,0,2
BRDA:242,31,0,0
BRDA:242,31,1,3
BRDA:260,32,0,3
BRDA:260,32,1,0
BRDA:266,33,0,1
BRDA:266,33,1,1
BRDA:291,34,0,4
BRDA:291,35,0,6
BRDA:300,36,0,5
BRDA:300,36,1,7
BRDA:308,37,0,0
BRDA:308,37,1,5
BRDA:323,38,0,4
BRDA:332,39,0,2
BRDA:341,40,0,1
BRDA:376,41,0,4
BRDA:376,41,1,7
BRDA:386,42,0,1
BRDA:386,42,1,10
BRDA:395,43,0,6
BRDA:395,43,1,4
BRDA:395,44,0,10
BRDA:395,44,1,6
BRDA:415,45,0,0
BRDA:415,45,1,2
BRDA:415,46,0,2
BRDA:415,46,1,2
BRDA:489,47,0,2
BRDA:489,47,1,0
BRDA:508,48,0,1
BRDA:515,49,0,2
BRDA:515,49,1,0
BRDA:524,50,0,1
BRDA:524,50,1,1
BRDA:532,51,0,2
BRDA:532,51,1,0
BRDA:541,52,0,1
BRDA:541,52,1,1
BRDA:549,53,0,1
BRDA:549,53,1,1
BRDA:566,54,0,2
BRDA:570,55,0,2
BRDA:570,55,1,2
BRDA:586,56,0,11
BRDA:586,56,1,1
BRDA:588,57,0,1
BRDA:588,57,1,0
BRF:103
BRH:86
end_of_record
TN:
SF:hipaah/utils.js
FN:7,maskData
FN:14,(anonymous_1)
FN:49,deepMerge
FN:78,validateResource
FNF:4
FNH:2
FNDA:14,maskData
FNDA:2,(anonymous_1)
FNDA:0,deepMerge
FNDA:0,validateResource
DA:8,14
DA:9,4
DA:13,10
DA:14,2
DA:18,9
DA:19,2
DA:23,7
DA:26,7
DA:27,20
DA:29,20
DA:31,9
DA:34,11
DA:35,1
DA:40,7
DA:50,0
DA:52,0
DA:53,0
DA:54,0
DA:56,0
DA:57,0
DA:60,0
DA:64,0
DA:69,0
DA:82,0
DA:88,0
DA:89,0
DA:90,0
DA:91,0
DA:92,0
DA:98,0
DA:99,0
DA:100,0
DA:101,0
DA:102,0
DA:105,0
DA:106,0
DA:109,0
DA:110,0
DA:111,0
DA:117,0
DA:120,4
LF:41
LH:15
BRDA:8,0,0,4
BRDA:8,0,1,10
BRDA:8,1,0,14
BRDA:8,1,1,13
BRDA:8,1,2,13
BRDA:13,2,0,1
BRDA:13,2,1,9
BRDA:18,3,0,2
BRDA:18,3,1,7
BRDA:18,4,0,9
BRDA:18,4,1,7
BRDA:27,5,0,20
BRDA:27,5,1,0
BRDA:29,6,0,9
BRDA:29,6,1,11
BRDA:34,7,0,1
BRDA:34,7,1,10
BRDA:34,8,0,11
BRDA:34,8,1,1
BRDA:53,9,0,0
BRDA:53,9,1,0
BRDA:54,10,0,0
BRDA:54,10,1,0
BRDA:54,11,0,0
BRDA:54,11,1,0
BRDA:54,11,2,0
BRDA:56,12,0,0
BRDA:56,12,1,0
BRDA:56,13,0,0
BRDA:56,13,1,0
BRDA:56,13,2,0
BRDA:88,14,0,0
BRDA:88,14,1,0
BRDA:90,15,0,0
BRDA:90,15,1,0
BRDA:98,16,0,0
BRDA:98,16,1,0
BRDA:100,17,0,0
BRDA:100,17,1,0
BRDA:105,18,0,0
BRDA:105,18,1,0
BRDA:109,19,0,0
BRDA:109,19,1,0
BRDA:109,20,0,0
BRDA:109,20,1,0
BRF:45
BRH:18
end_of_record
TN:
SF:hipaah/examples/usage_example.js
FNF:0
FNH:0
DA:1,0
DA:4,0
DA:7,0
DA:15,0
DA:16,0
DA:17,0
DA:20,0
DA:23,0
DA:24,0
DA:27,0
DA:28,0
DA:31,0
DA:47,0
DA:48,0
LF:14
LH:0
BRF:0
BRH:0
end_of_record
